2020-09-09 22:04:33.538 INFO [main] [ar.agenda.ApplicationStarter] [calcLocation] [org.apache.logging.log4j.util.StackLocator.calcLocation(StackLocator.java:71)] - Application active profile: dev
2020-09-09 22:04:33.896 INFO [main] [org.hibernate.jpa.internal.util.LogHelper] [calcLocation] [org.apache.logging.log4j.util.StackLocator.calcLocation(StackLocator.java:71)] - HHH000204: Processing PersistenceUnitInfo [
	name: persistence
	...]
2020-09-09 22:04:34.026 INFO [main] [org.hibernate.Version] [calcLocation] [org.apache.logging.log4j.util.StackLocator.calcLocation(StackLocator.java:71)] - HHH000412: Hibernate Core {5.2.8.Final}
2020-09-09 22:04:34.028 INFO [main] [org.hibernate.cfg.Environment] [calcLocation] [org.apache.logging.log4j.util.StackLocator.calcLocation(StackLocator.java:71)] - HHH000206: hibernate.properties not found
2020-09-09 22:04:34.089 INFO [main] [org.hibernate.annotations.common.Version] [calcLocation] [org.apache.logging.log4j.util.StackLocator.calcLocation(StackLocator.java:71)] - HCANN000001: Hibernate Commons Annotations {5.0.1.Final}
2020-09-09 22:04:34.281 WARN [main] [org.hibernate.engine.jdbc.connections.internal.ConnectionProviderInitiator] [calcLocation] [org.apache.logging.log4j.util.StackLocator.calcLocation(StackLocator.java:71)] - HHH000022: c3p0 properties were encountered, but the c3p0 provider class was not found on the classpath; these properties are going to be ignored.
2020-09-09 22:04:34.285 WARN [main] [org.hibernate.orm.connections.pooling] [calcLocation] [org.apache.logging.log4j.util.StackLocator.calcLocation(StackLocator.java:71)] - HHH10001002: Using Hibernate built-in connection pool (not for production use!)
2020-09-09 22:04:34.292 INFO [main] [org.hibernate.orm.connections.pooling] [calcLocation] [org.apache.logging.log4j.util.StackLocator.calcLocation(StackLocator.java:71)] - HHH10001005: using driver [org.h2.Driver] at URL [jdbc:h2:mem:test]
2020-09-09 22:04:34.294 INFO [main] [org.hibernate.orm.connections.pooling] [calcLocation] [org.apache.logging.log4j.util.StackLocator.calcLocation(StackLocator.java:71)] - HHH10001001: Connection properties: {password=****, user=root}
2020-09-09 22:04:34.295 INFO [main] [org.hibernate.orm.connections.pooling] [calcLocation] [org.apache.logging.log4j.util.StackLocator.calcLocation(StackLocator.java:71)] - HHH10001003: Autocommit mode: false
2020-09-09 22:04:34.303 INFO [main] [org.hibernate.engine.jdbc.connections.internal.DriverManagerConnectionProviderImpl] [calcLocation] [org.apache.logging.log4j.util.StackLocator.calcLocation(StackLocator.java:71)] - HHH000115: Hibernate connection pool size: 20 (min=1)
2020-09-09 22:04:34.451 INFO [main] [org.hibernate.dialect.Dialect] [calcLocation] [org.apache.logging.log4j.util.StackLocator.calcLocation(StackLocator.java:71)] - HHH000400: Using dialect: org.hibernate.dialect.H2Dialect
2020-09-09 22:04:34.876 INFO [main] [org.hibernate.validator.internal.util.Version] [calcLocation] [org.apache.logging.log4j.util.StackLocator.calcLocation(StackLocator.java:71)] - HV000001: Hibernate Validator 6.0.2.Final
2020-09-09 22:04:35.339 INFO [main] [org.hibernate.orm.connections.access] [calcLocation] [org.apache.logging.log4j.util.StackLocator.calcLocation(StackLocator.java:71)] - HHH10001501: Connection obtained from JdbcConnectionAccess [org.hibernate.engine.jdbc.env.internal.JdbcEnvironmentInitiator$ConnectionProviderJdbcConnectionAccess@1d3c112a] for (non-JTA) DDL execution was not in auto-commit mode; the Connection 'local transaction' will be committed and the Connection will be set into auto-commit mode.
2020-09-09 22:04:35.343 INFO [main] [org.hibernate.orm.connections.access] [calcLocation] [org.apache.logging.log4j.util.StackLocator.calcLocation(StackLocator.java:71)] - HHH10001501: Connection obtained from JdbcConnectionAccess [org.hibernate.engine.jdbc.env.internal.JdbcEnvironmentInitiator$ConnectionProviderJdbcConnectionAccess@4dfdfe7d] for (non-JTA) DDL execution was not in auto-commit mode; the Connection 'local transaction' will be committed and the Connection will be set into auto-commit mode.
2020-09-09 22:04:35.378 INFO [main] [org.hibernate.tool.schema.internal.SchemaCreatorImpl] [calcLocation] [org.apache.logging.log4j.util.StackLocator.calcLocation(StackLocator.java:71)] - HHH000476: Executing import script 'org.hibernate.tool.schema.internal.exec.ScriptSourceInputNonExistentImpl@5e002356'
2020-09-09 22:04:35.455 INFO [main] [ar.agenda.controller.services.DatabaseSeederServiceImpl] [calcLocation] [org.apache.logging.log4j.util.StackLocator.calcLocation(StackLocator.java:71)] - Seed database operation status: [INITIALIZED - LOADING .YML]
2020-09-09 22:04:35.608 INFO [main] [ar.agenda.controller.services.DatabaseSeederServiceImpl] [calcLocation] [org.apache.logging.log4j.util.StackLocator.calcLocation(StackLocator.java:71)] - Seed database >>>>>> ar.agenda.dao.entities.User@df9e380d
2020-09-09 22:04:35.615 INFO [main] [ar.agenda.controller.services.DatabaseSeederServiceImpl] [calcLocation] [org.apache.logging.log4j.util.StackLocator.calcLocation(StackLocator.java:71)] - Seed database >>>>>> ar.agenda.dao.entities.User@1d7c99ab
2020-09-09 22:04:35.623 INFO [main] [ar.agenda.controller.services.DatabaseSeederServiceImpl] [calcLocation] [org.apache.logging.log4j.util.StackLocator.calcLocation(StackLocator.java:71)] - Seed database >>>>>> ar.agenda.dao.entities.City@79195c22
2020-09-09 22:04:35.628 INFO [main] [ar.agenda.controller.services.DatabaseSeederServiceImpl] [calcLocation] [org.apache.logging.log4j.util.StackLocator.calcLocation(StackLocator.java:71)] - Seed database >>>>>> ar.agenda.dao.entities.City@447521e
2020-09-09 22:04:35.632 INFO [main] [ar.agenda.controller.services.DatabaseSeederServiceImpl] [calcLocation] [org.apache.logging.log4j.util.StackLocator.calcLocation(StackLocator.java:71)] - Seed database >>>>>> ar.agenda.dao.entities.City@6cc48a17
2020-09-09 22:04:35.632 WARN [main] [ar.agenda.ApplicationStarter] [calcLocation] [org.apache.logging.log4j.util.StackLocator.calcLocation(StackLocator.java:71)] - Seed database operation status: [SUCCESS]
2020-09-09 22:04:36.203 INFO [main] [ar.agenda.ApplicationTracer] [calcLocation] [org.apache.logging.log4j.util.StackLocator.calcLocation(StackLocator.java:71)] - METHOD: public void ar.agenda.presentation.WorkbenchPresenter.displayWorkbench() PARAMS: []
